0 info it worked if it ends with ok
1 verbose cli [ '/home/ubuntu/.nvm/versions/node/v4.4.0/bin/node',
1 verbose cli   '/home/ubuntu/.nvm/versions/node/v4.4.0/bin/npm',
1 verbose cli   'version',
1 verbose cli   '1.0.2' ]
2 info using npm@2.14.20
3 info using node@v4.4.0
4 info git [ 'status', '--porcelain' ]
5 verbose stack Error: Git working directory not clean.
5 verbose stack M  lib/typeform.js
5 verbose stack AM npm-debug.log
5 verbose stack     at /home/ubuntu/.nvm/versions/node/v4.4.0/lib/node_modules/npm/lib/version.js:171:21
5 verbose stack     at ChildProcess.exithandler (child_process.js:204:7)
5 verbose stack     at emitTwo (events.js:87:13)
5 verbose stack     at ChildProcess.emit (events.js:172:7)
5 verbose stack     at maybeClose (internal/child_process.js:827:16)
5 verbose stack     at Process.ChildProcess._handle.onexit (internal/child_process.js:211:5)
6 verbose cwd /home/ubuntu/workspace/typeform-node-api
7 error Linux 4.2.0-c9
8 error argv "/home/ubuntu/.nvm/versions/node/v4.4.0/bin/node" "/home/ubuntu/.nvm/versions/node/v4.4.0/bin/npm" "version" "1.0.2"
9 error node v4.4.0
10 error npm  v2.14.20
11 error Git working directory not clean.
11 error M  lib/typeform.js
11 error AM npm-debug.log
12 error If you need help, you may report this error at:
12 error     <https://github.com/npm/npm/issues>
13 verbose exit [ 1, true ]
